#
# A fatal error has been detected by the Java Runtime Environment:
#
#  EXCEPTION_ACCESS_VIOLATION (0xc0000005) at pc=0x0000000076d3de5b, pid=10756, tid=0x0000000000002ac4
#
# JRE version: OpenJDK Runtime Environment (8.0_262-b10) (build 1.8.0_262-b10)
# Java VM: OpenJDK 64-Bit Server VM (25.262-b10 mixed mode windows-amd64 compressed oops)
# Problematic frame:
# V  [jvm.dll+0xede5b]
#
# Failed to write core dump. Minidumps are not enabled by default on client versions of Windows
#
# If you would like to submit a bug report, please visit:
#   http://bugreport.java.com/bugreport/crash.jsp
#

---------------  T H R E A D  ---------------

Current thread (0x0000000002757800):  GCTaskThread [stack: 0x0000000011dc0000,0x0000000011ec0000] [id=10948]

siginfo: ExceptionCode=0xc0000005, reading address 0x0000000000000090

Registers:
RAX=0x00000000121c0000, RBX=0x00000000e0108740, RCX=0x0000000000000003, RDX=0x0000000000000001
RSP=0x0000000011ebf5b0, RBP=0x00000000e56f0924, RSI=0x000000000282d100, RDI=0x000000000282d100
R8 =0x0000000000000088, R9 =0x0000000100334560, R10=0x000000000000000c, R11=0x000000007721b118
R12=0x00000000e56f092c, R13=0x0000000100334740, R14=0x0000000100334748, R15=0x00000000e56f0918
RIP=0x0000000076d3de5b, EFLAGS=0x0000000000010206

Top of Stack: (sp=0x0000000011ebf5b0)
0x0000000011ebf5b0:   0000000100334560 00000000e56f08f0
0x0000000011ebf5c0:   000000000282d100 0000000076e475b2
0x0000000011ebf5d0:   0000000000000000 0000000002757ed0
0x0000000011ebf5e0:   0000000002753900 00007a4300000833
0x0000000011ebf5f0:   0000000000000835 0000000077015150
0x0000000011ebf600:   000000000282d100 0000000000001400
0x0000000011ebf610:   000000000282d100 00000000772689e8
0x0000000011ebf620:   00007a4200000833 00007a4300000833
0x0000000011ebf630:   00000000e62ed5d4 00000000e62ec5c8
0x0000000011ebf640:   0000000000001400 0000000076d63ea1
0x0000000011ebf650:   0000000013b886f0 0000162700000033
0x0000000011ebf660:   0000000002757800 0000000002753900
0x0000000011ebf670:   0000000002757ee0 0000000002757ed0
0x0000000011ebf680:   00000000772689e8 0000000000000000
0x0000000011ebf690:   0000000019c38740 0000000000000000
0x0000000011ebf6a0:   000000000282d100 0000000077012ab0 

Instructions: (pc=0x0000000076d3de5b)
0x0000000076d3de3b:   6b 00 84 d2 74 16 44 8b 43 08 8b 0d 6d 47 65 00
0x0000000076d3de4b:   49 d3 e0 4c 03 05 5b 47 65 00 eb 04 4c 8b 43 08
0x0000000076d3de5b:   45 8b 48 08 45 85 c9 7e 0c 41 f6 c1 01 75 4b 41
0x0000000076d3de6b:   c1 f9 03 eb 57 79 43 84 d2 41 8b c9 b8 10 00 00 


Register to memory mapping:

RAX=0x00000000121c0000 is an unknown value
RBX=0x00000000e0108740 is pointing into object: 0x00000000e0108728
java.util.concurrent.ConcurrentHashMap$Node 
 - klass: 'java/util/concurrent/ConcurrentHashMap$Node'
RCX=0x0000000000000003 is an unknown value
RDX=0x0000000000000001 is an unknown value
RSP=0x0000000011ebf5b0 is an unknown value
RBP=0x00000000e56f0924 is pointing into object: 0x00000000e56f0918
com.google.common.base.Equivalence$Wrapper 
 - klass: 'com/google/common/base/Equivalence$Wrapper'
RSI=0x000000000282d100 is an unknown value
RDI=0x000000000282d100 is an unknown value
R8 =0x0000000000000088 is an unknown value
R9 =0x0000000100334560 is pointing into metadata
R10=0x000000000000000c is an unknown value
R11=0x000000007721b118 is an unknown value
R12=0x00000000e56f092c is pointing into object: 0x00000000e56f0918
com.google.common.base.Equivalence$Wrapper 
 - klass: 'com/google/common/base/Equivalence$Wrapper'
R13=0x0000000100334740 is pointing into metadata
R14=0x0000000100334748 is pointing into metadata
R15=0x00000000e56f0918 is an oop
com.google.common.base.Equivalence$Wrapper 
 - klass: 'com/google/common/base/Equivalence$Wrapper'


Stack: [0x0000000011dc0000,0x0000000011ec0000],  sp=0x0000000011ebf5b0,  free space=1021k
Native frames: (J=compiled Java code, j=interpreted, Vv=VM code, C=native code)
V  [jvm.dll+0xede5b]
V  [jvm.dll+0x3c5150]
V  [jvm.dll+0x3c2ab0]
V  [jvm.dll+0x3bffee]
V  [jvm.dll+0x26d9aa]
C  [msvcr100.dll+0x21d9f]
C  [msvcr100.dll+0x21e3b]
C  [KERNEL32.DLL+0x16fd4]
C  [ntdll.dll+0x4cec1]


---------------  P R O C E S S  ---------------

Java Threads: ( => current thread )
  0x000000001b9f8800 JavaThread "WorkerExecutor Queue Thread 3" [_thread_blocked, id=10652, stack(0x0000000024a90000,0x0000000024b90000)]
  0x000000001b9fc800 JavaThread "WorkerExecutor Queue Thread 2" [_thread_blocked, id=2932, stack(0x0000000024bb0000,0x0000000024cb0000)]
  0x000000001b9ff000 JavaThread "WorkerExecutor Queue" [_thread_blocked, id=7460, stack(0x0000000024990000,0x0000000024a90000)]
  0x000000001b9f7000 JavaThread "Exec process Thread 3" [_thread_blocked, id=1184, stack(0x0000000024890000,0x0000000024990000)]
  0x000000001b9f8000 JavaThread "Exec process Thread 2" [_thread_blocked, id=2228, stack(0x00000000236f0000,0x00000000237f0000)]
  0x000000001b9ef800 JavaThread "Exec process" [_thread_blocked, id=7048, stack(0x00000000235f0000,0x00000000236f0000)]
  0x000000001b9f3800 JavaThread "Cache worker for execution history cache (F:\capstone\project\mobile app\VMA-Mobile\android\.gradle\6.3\executionHistory)" [_thread_blocked, id=8756, stack(0x0000000022d00000,0x0000000022e00000)]
  0x0000000017a5b800 JavaThread "Execution worker for ':' Thread 3" [_thread_blocked, id=3304, stack(0x00000000234f0000,0x00000000235f0000)]
  0x000000001b811800 JavaThread "Execution worker for ':' Thread 2" [_thread_blocked, id=9184, stack(0x00000000217c0000,0x00000000218c0000)]
  0x000000001b810000 JavaThread "Execution worker for ':'" [_thread_blocked, id=612, stack(0x0000000000b60000,0x0000000000c60000)]
  0x000000001b816800 JavaThread "Cache worker for file content cache (F:\capstone\project\mobile app\VMA-Mobile\android\.gradle\6.3\fileContent)" [_thread_blocked, id=9876, stack(0x0000000021400000,0x0000000021500000)]
  0x000000001b812000 JavaThread "Cache worker for file content cache (C:\Users\knok1\.gradle\caches\6.3\fileContent)" [_thread_blocked, id=1124, stack(0x0000000000c70000,0x0000000000d70000)]
  0x000000001b808000 JavaThread "Memory manager" [_thread_blocked, id=8716, stack(0x000000001f4f0000,0x000000001f5f0000)]
  0x000000001b80c000 JavaThread "Cache worker for Build Output Cleanup Cache (F:\capstone\project\mobile app\VMA-Mobile\android\.gradle\buildOutputCleanup)" [_thread_blocked, id=6040, stack(0x000000001e4b0000,0x000000001e5b0000)]
  0x000000001b80d800 JavaThread "Build operations Thread 4" [_thread_blocked, id=7760, stack(0x000000001e7f0000,0x000000001e8f0000)]
  0x000000001b809000 JavaThread "Build operations Thread 3" [_thread_blocked, id=2424, stack(0x000000001e6f0000,0x000000001e7f0000)]
  0x000000001b80d000 JavaThread "Build operations Thread 2" [_thread_blocked, id=6344, stack(0x000000001e5f0000,0x000000001e6f0000)]
  0x000000001b807800 JavaThread "Build operations" [_thread_blocked, id=9708, stack(0x000000001dba0000,0x000000001dca0000)]
  0x0000000017a5e000 JavaThread "Cache worker for execution history cache (C:\Users\knok1\.gradle\caches\6.3\executionHistory)" [_thread_blocked, id=6444, stack(0x000000001d510000,0x000000001d610000)]
  0x0000000017a59800 JavaThread "Cache worker for cache directory md-rule (C:\Users\knok1\.gradle\caches\6.3\md-rule)" [_thread_blocked, id=2940, stack(0x000000001c0d0000,0x000000001c1d0000)]
  0x0000000017a58000 JavaThread "Cache worker for cache directory md-supplier (C:\Users\knok1\.gradle\caches\6.3\md-supplier)" [_thread_blocked, id=7860, stack(0x000000001bdd0000,0x000000001bed0000)]
  0x0000000017a5b000 JavaThread "Cache worker for file hash cache (F:\capstone\project\mobile app\VMA-Mobile\android\.gradle\6.3\fileHashes)" [_thread_blocked, id=7480, stack(0x000000001d6a0000,0x000000001d7a0000)]
  0x0000000017a5a000 JavaThread "Cache worker for checksums cache (F:\capstone\project\mobile app\VMA-Mobile\android\.gradle\checksums)" [_thread_blocked, id=6956, stack(0x000000001c240000,0x000000001c340000)]
  0x0000000017a57000 JavaThread "Cache worker for file hash cache (C:\Users\knok1\.gradle\caches\6.3\fileHashes)" [_thread_blocked, id=1100, stack(0x0000000019a30000,0x0000000019b30000)]
  0x0000000017a58800 JavaThread "File lock request listener" [_thread_in_native, id=4176, stack(0x0000000019930000,0x0000000019a30000)]
  0x0000000017a63000 JavaThread "Cache worker for journal cache (C:\Users\knok1\.gradle\caches\journal-1)" [_thread_blocked, id=9788, stack(0x0000000019830000,0x0000000019930000)]
  0x0000000017999000 JavaThread "Thread-9" [_thread_blocked, id=10012, stack(0x0000000019530000,0x0000000019630000)]
  0x0000000017966800 JavaThread "Stdin handler" [_thread_blocked, id=3404, stack(0x0000000019430000,0x0000000019530000)]
  0x0000000017964000 JavaThread "Asynchronous log dispatcher for DefaultDaemonConnection: socket connection from /127.0.0.1:56675 to /127.0.0.1:56677" [_thread_blocked, id=10620, stack(0x0000000019330000,0x0000000019430000)]
  0x0000000017963000 JavaThread "Daemon worker" [_thread_blocked, id=7212, stack(0x0000000019230000,0x0000000019330000)]
  0x0000000017962000 JavaThread "Cancel handler" [_thread_blocked, id=732, stack(0x0000000019130000,0x0000000019230000)]
  0x0000000017961000 JavaThread "Handler for socket connection from /127.0.0.1:56675 to /127.0.0.1:56677" [_thread_in_native, id=3164, stack(0x0000000018e30000,0x0000000018f30000)]
  0x0000000017943800 JavaThread "Daemon" [_thread_blocked, id=8320, stack(0x0000000018d30000,0x0000000018e30000)]
  0x00000000178b2000 JavaThread "Daemon periodic checks" [_thread_blocked, id=10128, stack(0x0000000018c30000,0x0000000018d30000)]
  0x00000000178b0800 JavaThread "Incoming local TCP Connector on port 56675" [_thread_in_native, id=6776, stack(0x0000000015cb0000,0x0000000015db0000)]
  0x00000000177ff000 JavaThread "Daemon health stats" [_thread_blocked, id=6380, stack(0x0000000015bb0000,0x0000000015cb0000)]
  0x00000000155d8800 JavaThread "Service Thread" daemon [_thread_blocked, id=3156, stack(0x00000000159b0000,0x0000000015ab0000)]
  0x0000000013c73800 JavaThread "C1 CompilerThread2" daemon [_thread_blocked, id=4860, stack(0x00000000154b0000,0x00000000155b0000)]
  0x0000000013c6f000 JavaThread "C2 CompilerThread1" daemon [_thread_blocked, id=4636, stack(0x00000000153b0000,0x00000000154b0000)]
  0x0000000013c66000 JavaThread "C2 CompilerThread0" daemon [_thread_blocked, id=6676, stack(0x00000000152b0000,0x00000000153b0000)]
  0x0000000013c64000 JavaThread "Attach Listener" daemon [_thread_blocked, id=10072, stack(0x00000000151b0000,0x00000000152b0000)]
  0x0000000013c62800 JavaThread "Signal Dispatcher" daemon [_thread_blocked, id=11032, stack(0x00000000150b0000,0x00000000151b0000)]
  0x000000000283c800 JavaThread "Finalizer" daemon [_thread_blocked, id=8412, stack(0x0000000014eb0000,0x0000000014fb0000)]
  0x0000000013c49000 JavaThread "Reference Handler" daemon [_thread_blocked, id=2764, stack(0x0000000014db0000,0x0000000014eb0000)]
  0x0000000000f8e000 JavaThread "main" [_thread_blocked, id=10116, stack(0x0000000000e60000,0x0000000000f60000)]

Other Threads:
  0x0000000013c27800 VMThread [stack: 0x0000000014cb0000,0x0000000014db0000] [id=10392]
  0x0000000013cbe800 WatcherThread [stack: 0x0000000015ab0000,0x0000000015bb0000] [id=6236]

=>0x0000000002757800 (exited) GCTaskThread [stack: 0x0000000011dc0000,0x0000000011ec0000] [id=10948]

VM state:at safepoint (normal execution)

VM Mutex/Monitor currently owned by a thread:  ([mutex/lock_event])
[0x0000000000f8d2c0] Threads_lock - owner thread: 0x0000000013c27800
[0x0000000000f8d4c0] Heap_lock - owner thread: 0x000000001b811800

heap address: 0x00000000e0000000, size: 512 MB, Compressed Oops mode: 32-bit
Narrow klass base: 0x0000000000000000, Narrow klass shift: 3
Compressed class space size: 1073741824 Address: 0x0000000100000000

Heap:
 PSYoungGen      total 146944K, used 27647K [0x00000000f5580000, 0x0000000100000000, 0x0000000100000000)
  eden space 119296K, 0% used [0x00000000f5580000,0x00000000f5580000,0x00000000fca00000)
  from space 27648K, 99% used [0x00000000fca00000,0x00000000fe4ffea8,0x00000000fe500000)
  to   space 27648K, 0% used [0x00000000fe500000,0x00000000fe500000,0x0000000100000000)
 ParOldGen       total 348160K, used 337082K [0x00000000e0000000, 0x00000000f5400000, 0x00000000f5580000)
  object space 348160K, 96% used [0x00000000e0000000,0x00000000f492ea90,0x00000000f5400000)
 Metaspace       used 80093K, capacity 87524K, committed 87856K, reserved 1124352K
  class space    used 10781K, capacity 12541K, committed 12592K, reserved 1048576K

Card table byte_map: [0x0000000011c00000,0x0000000011d10000] byte_map_base: 0x0000000011500000

Marking Bits: (ParMarkBitMap*) 0x00000000773fbe90
 Begin Bits: [0x00000000121c0000, 0x00000000129c0000)
 End Bits:   [0x00000000129c0000, 0x00000000131c0000)

Polling page: 0x0000000000a20000

CodeCache: size=245760Kb used=45191Kb max_used=45271Kb free=200568Kb
 bounds [0x0000000002840000, 0x00000000054d0000, 0x0000000011840000]
 total_blobs=14275 nmethods=13442 adapters=745
 compilation: enabled

Compilation events (10 events):
Event: 626.795 Thread 0x0000000013c6f000 16829       4       org.codehaus.groovy.util.ComplexKeyHashMap$1::next (5 bytes)
Event: 626.798 Thread 0x0000000013c73800 nmethod 16836 0x00000000054bb7d0 code [0x00000000054bbf20, 0x00000000054c1198]
Event: 626.799 Thread 0x0000000013c6f000 nmethod 16829 0x0000000003d145d0 code [0x0000000003d14720, 0x0000000003d148b8]
Event: 626.799 Thread 0x0000000013c6f000 16828       4       java.util.LinkedHashMap$LinkedEntryIterator::next (5 bytes)
Event: 626.800 Thread 0x0000000013c6f000 nmethod 16828 0x0000000002950890 code [0x00000000029509c0, 0x0000000002950a98]
Event: 626.801 Thread 0x0000000013c73800 16838       1       com.android.build.api.attributes.VariantAttr$Impl::getName (5 bytes)
Event: 626.801 Thread 0x0000000013c73800 nmethod 16838 0x00000000051a4090 code [0x00000000051a41e0, 0x00000000051a42f0]
Event: 626.801 Thread 0x0000000013c73800 16839       3       com.android.build.gradle.internal.ide.AndroidLibraryImpl::computeHashCode (70 bytes)
Event: 626.802 Thread 0x0000000013c73800 nmethod 16839 0x0000000002a10850 code [0x0000000002a10a60, 0x0000000002a118f8]
Event: 626.808 Thread 0x0000000013c6f000 16840 %     4       org.gradle.api.internal.artifacts.ivyservice.resolveengine.artifact.CompositeResolvedArtifactSet::startVisit @ 28 (78 bytes)

GC Heap History (10 events):
Event: 102.719 GC heap after
Heap after GC invocations=45 (full 4):
 PSYoungGen      total 151552K, used 16928K [0x00000000f5580000, 0x0000000100000000, 0x0000000100000000)
  eden space 130560K, 0% used [0x00000000f5580000,0x00000000f5580000,0x00000000fd500000)
  from space 20992K, 80% used [0x00000000fd500000,0x00000000fe588040,0x00000000fe980000)
  to   space 22016K, 0% used [0x00000000fea80000,0x00000000fea80000,0x0000000100000000)
 ParOldGen       total 348160K, used 318285K [0x00000000e0000000, 0x00000000f5400000, 0x00000000f5580000)
  object space 348160K, 91% used [0x00000000e0000000,0x00000000f36d37c8,0x00000000f5400000)
 Metaspace       used 74034K, capacity 81054K, committed 81200K, reserved 1118208K
  class space    used 10067K, capacity 11750K, committed 11824K, reserved 1048576K
}
Event: 607.989 GC heap before
{Heap before GC invocations=46 (full 4):
 PSYoungGen      total 151552K, used 147488K [0x00000000f5580000, 0x0000000100000000, 0x0000000100000000)
  eden space 130560K, 100% used [0x00000000f5580000,0x00000000fd500000,0x00000000fd500000)
  from space 20992K, 80% used [0x00000000fd500000,0x00000000fe588040,0x00000000fe980000)
  to   space 22016K, 0% used [0x00000000fea80000,0x00000000fea80000,0x0000000100000000)
 ParOldGen       total 348160K, used 318285K [0x00000000e0000000, 0x00000000f5400000, 0x00000000f5580000)
  object space 348160K, 91% used [0x00000000e0000000,0x00000000f36d37c8,0x00000000f5400000)
 Metaspace       used 74209K, capacity 81236K, committed 81456K, reserved 1118208K
  class space    used 10088K, capacity 11787K, committed 11824K, reserved 1048576K
Event: 608.022 GC heap after
Heap after GC invocations=46 (full 4):
 PSYoungGen      total 151552K, used 17105K [0x00000000f5580000, 0x0000000100000000, 0x0000000100000000)
  eden space 129536K, 0% used [0x00000000f5580000,0x00000000f5580000,0x00000000fd400000)
  from space 22016K, 77% used [0x00000000fea80000,0x00000000ffb34540,0x0000000100000000)
  to   space 22528K, 0% used [0x00000000fd400000,0x00000000fd400000,0x00000000fea00000)
 ParOldGen       total 348160K, used 324014K [0x00000000e0000000, 0x00000000f5400000, 0x00000000f5580000)
  object space 348160K, 93% used [0x00000000e0000000,0x00000000f3c6b808,0x00000000f5400000)
 Metaspace       used 74209K, capacity 81236K, committed 81456K, reserved 1118208K
  class space    used 10088K, capacity 11787K, committed 11824K, reserved 1048576K
}
Event: 613.636 GC heap before
{Heap before GC invocations=47 (full 4):
 PSYoungGen      total 151552K, used 146641K [0x00000000f5580000, 0x0000000100000000, 0x0000000100000000)
  eden space 129536K, 100% used [0x00000000f5580000,0x00000000fd400000,0x00000000fd400000)
  from space 22016K, 77% used [0x00000000fea80000,0x00000000ffb34540,0x0000000100000000)
  to   space 22528K, 0% used [0x00000000fd400000,0x00000000fd400000,0x00000000fea00000)
 ParOldGen       total 348160K, used 324014K [0x00000000e0000000, 0x00000000f5400000, 0x00000000f5580000)
  object space 348160K, 93% used [0x00000000e0000000,0x00000000f3c6b808,0x00000000f5400000)
 Metaspace       used 74237K, capacity 81306K, committed 81456K, reserved 1118208K
  class space    used 10090K, capacity 11788K, committed 11824K, reserved 1048576K
Event: 613.662 GC heap after
Heap after GC invocations=47 (full 4):
 PSYoungGen      total 150016K, used 20209K [0x00000000f5580000, 0x0000000100000000, 0x0000000100000000)
  eden space 129536K, 0% used [0x00000000f5580000,0x00000000f5580000,0x00000000fd400000)
  from space 20480K, 98% used [0x00000000fd400000,0x00000000fe7bc520,0x00000000fe800000)
  to   space 24576K, 0% used [0x00000000fe800000,0x00000000fe800000,0x0000000100000000)
 ParOldGen       total 348160K, used 324022K [0x00000000e0000000, 0x00000000f5400000, 0x00000000f5580000)
  object space 348160K, 93% used [0x00000000e0000000,0x00000000f3c6d808,0x00000000f5400000)
 Metaspace       used 74237K, capacity 81306K, committed 81456K, reserved 1118208K
  class space    used 10090K, capacity 11788K, committed 11824K, reserved 1048576K
}
Event: 619.775 GC heap before
{Heap before GC invocations=48 (full 4):
 PSYoungGen      total 150016K, used 149745K [0x00000000f5580000, 0x0000000100000000, 0x0000000100000000)
  eden space 129536K, 100% used [0x00000000f5580000,0x00000000fd400000,0x00000000fd400000)
  from space 20480K, 98% used [0x00000000fd400000,0x00000000fe7bc520,0x00000000fe800000)
  to   space 24576K, 0% used [0x00000000fe800000,0x00000000fe800000,0x0000000100000000)
 ParOldGen       total 348160K, used 324022K [0x00000000e0000000, 0x00000000f5400000, 0x00000000f5580000)
  object space 348160K, 93% used [0x00000000e0000000,0x00000000f3c6d808,0x00000000f5400000)
 Metaspace       used 76024K, capacity 83206K, committed 83248K, reserved 1120256K
  class space    used 10346K, capacity 12054K, committed 12080K, reserved 1048576K
Event: 619.850 GC heap after
Heap after GC invocations=48 (full 4):
 PSYoungGen      total 143872K, used 24559K [0x00000000f5580000, 0x0000000100000000, 0x0000000100000000)
  eden space 119296K, 0% used [0x00000000f5580000,0x00000000f5580000,0x00000000fca00000)
  from space 24576K, 99% used [0x00000000fe800000,0x00000000ffffbe20,0x0000000100000000)
  to   space 27648K, 0% used [0x00000000fca00000,0x00000000fca00000,0x00000000fe500000)
 ParOldGen       total 348160K, used 324416K [0x00000000e0000000, 0x00000000f5400000, 0x00000000f5580000)
  object space 348160K, 93% used [0x00000000e0000000,0x00000000f3cd0000,0x00000000f5400000)
 Metaspace       used 76024K, capacity 83206K, committed 83248K, reserved 1120256K
  class space    used 10346K, capacity 12054K, committed 12080K, reserved 1048576K
}
Event: 626.821 GC heap before
{Heap before GC invocations=49 (full 4):
 PSYoungGen      total 143872K, used 143855K [0x00000000f5580000, 0x0000000100000000, 0x0000000100000000)
  eden space 119296K, 100% used [0x00000000f5580000,0x00000000fca00000,0x00000000fca00000)
  from space 24576K, 99% used [0x00000000fe800000,0x00000000ffffbe20,0x0000000100000000)
  to   space 27648K, 0% used [0x00000000fca00000,0x00000000fca00000,0x00000000fe500000)
 ParOldGen       total 348160K, used 324416K [0x00000000e0000000, 0x00000000f5400000, 0x00000000f5580000)
  object space 348160K, 93% used [0x00000000e0000000,0x00000000f3cd0000,0x00000000f5400000)
 Metaspace       used 80093K, capacity 87524K, committed 87856K, reserved 1124352K
  class space    used 10781K, capacity 12541K, committed 12592K, reserved 1048576K
Event: 626.874 GC heap after
Heap after GC invocations=49 (full 4):
 PSYoungGen      total 146944K, used 27647K [0x00000000f5580000, 0x0000000100000000, 0x0000000100000000)
  eden space 119296K, 0% used [0x00000000f5580000,0x00000000f5580000,0x00000000fca00000)
  from space 27648K, 99% used [0x00000000fca00000,0x00000000fe4ffea8,0x00000000fe500000)
  to   space 27648K, 0% used [0x00000000fe500000,0x00000000fe500000,0x0000000100000000)
 ParOldGen       total 348160K, used 337082K [0x00000000e0000000, 0x00000000f5400000, 0x00000000f5580000)
  object space 348160K, 96% used [0x00000000e0000000,0x00000000f492ea90,0x00000000f5400000)
 Metaspace       used 80093K, capacity 87524K, committed 87856K, reserved 1124352K
  class space    used 10781K, capacity 12541K, committed 12592K, reserved 1048576K
}
Event: 626.874 GC heap before
{Heap before GC invocations=50 (full 5):
 PSYoungGen      total 146944K, used 27647K [0x00000000f5580000, 0x0000000100000000, 0x0000000100000000)
  eden space 119296K, 0% used [0x00000000f5580000,0x00000000f5580000,0x00000000fca00000)
  from space 27648K, 99% used [0x00000000fca00000,0x00000000fe4ffea8,0x00000000fe500000)
  to   space 27648K, 0% used [0x00000000fe500000,0x00000000fe500000,0x0000000100000000)
 ParOldGen       total 348160K, used 337082K [0x00000000e0000000, 0x00000000f5400000, 0x00000000f5580000)
  object space 348160K, 96% used [0x00000000e0000000,0x00000000f492ea90,0x00000000f5400000)
 Metaspace       used 80093K, capacity 87524K, committed 87856K, reserved 1124352K
  class space    used 10781K, capacity 12541K, committed 12592K, reserved 1048576K

Deoptimization events (10 events):
Event: 625.155 Thread 0x000000001b811800 Uncommon trap: reason=bimorphic action=maybe_recompile pc=0x00000000052708a4 method=java.util.Spliterators$IteratorSpliterator.tryAdvance(Ljava/util/function/Consumer;)Z @ 68
Event: 625.766 Thread 0x000000001b9f8800 Uncommon trap: reason=speculate_class_check action=maybe_recompile pc=0x0000000004fa252c method=java.nio.charset.CharsetDecoder.decode(Ljava/nio/ByteBuffer;Ljava/nio/CharBuffer;Z)Ljava/nio/charset/CoderResult; @ 57
Event: 625.766 Thread 0x000000001b9f8800 Uncommon trap: reason=speculate_class_check action=maybe_recompile pc=0x0000000004fa252c method=java.nio.charset.CharsetDecoder.decode(Ljava/nio/ByteBuffer;Ljava/nio/CharBuffer;Z)Ljava/nio/charset/CoderResult; @ 57
Event: 626.245 Thread 0x000000001b9fc800 Uncommon trap: reason=unstable_if action=reinterpret pc=0x0000000002b45a54 method=com.android.tools.build.apkzlib.zip.StoredEntry.<init>(Lcom/android/tools/build/apkzlib/zip/CentralDirectoryHeader;Lcom/android/tools/build/apkzlib/zip/ZFile;Lcom/android/to
Event: 626.245 Thread 0x000000001b9f8800 Uncommon trap: reason=unstable_if action=reinterpret pc=0x0000000002b45a54 method=com.android.tools.build.apkzlib.zip.StoredEntry.<init>(Lcom/android/tools/build/apkzlib/zip/CentralDirectoryHeader;Lcom/android/tools/build/apkzlib/zip/ZFile;Lcom/android/to
Event: 626.338 Thread 0x000000001b9fc800 Uncommon trap: reason=class_check action=maybe_recompile pc=0x0000000002d4f870 method=java.util.zip.InflaterInputStream.read([BII)I @ 100
Event: 626.338 Thread 0x000000001b9f8800 Uncommon trap: reason=class_check action=maybe_recompile pc=0x0000000002d4f870 method=java.util.zip.InflaterInputStream.read([BII)I @ 100
Event: 626.338 Thread 0x000000001b9f8800 Uncommon trap: reason=class_check action=maybe_recompile pc=0x0000000002d4f870 method=java.util.zip.InflaterInputStream.read([BII)I @ 100
Event: 626.338 Thread 0x000000001b9fc800 Uncommon trap: reason=class_check action=maybe_recompile pc=0x0000000002d4f870 method=java.util.zip.InflaterInputStream.read([BII)I @ 100
Event: 626.773 Thread 0x000000001b811800 Uncommon trap: reason=bimorphic action=maybe_recompile pc=0x000000000462d104 method=java.util.Comparator.lambda$thenComparing$36697e65$1(Ljava/util/Comparator;Ljava/lang/Object;Ljava/lang/Object;)I @ 3

Classes redefined (0 events):
No events

Internal exceptions (10 events):
Event: 616.225 Thread 0x000000001b810000 Exception <a 'java/lang/NoSuchMethodError': <clinit>> (0x00000000f9eae2b0) thrown at [C:\cygwin64\tmp\build\source\java-1.8.0-openjdk\tmp\jdk8u\hotspot\src\share\vm\prims\jni.cpp, line 1616]
Event: 616.244 Thread 0x000000001b810000 Exception <a 'java/lang/NoSuchMethodError': <clinit>> (0x00000000f9ec1b90) thrown at [C:\cygwin64\tmp\build\source\java-1.8.0-openjdk\tmp\jdk8u\hotspot\src\share\vm\prims\jni.cpp, line 1616]
Event: 616.245 Thread 0x000000001b810000 Implicit null exception at 0x00000000031c076a to 0x00000000031c09d5
Event: 616.265 Thread 0x000000001b810000 Exception <a 'java/lang/NoSuchMethodError': <clinit>> (0x00000000f9efd3a0) thrown at [C:\cygwin64\tmp\build\source\java-1.8.0-openjdk\tmp\jdk8u\hotspot\src\share\vm\prims\jni.cpp, line 1616]
Event: 617.003 Thread 0x0000000017a5b800 Exception <a 'java/lang/NoSuchMethodError': <clinit>> (0x00000000fab5a918) thrown at [C:\cygwin64\tmp\build\source\java-1.8.0-openjdk\tmp\jdk8u\hotspot\src\share\vm\prims\jni.cpp, line 1616]
Event: 617.014 Thread 0x0000000017a5b800 Exception <a 'java/lang/NoSuchMethodError': <clinit>> (0x00000000fabb53a8) thrown at [C:\cygwin64\tmp\build\source\java-1.8.0-openjdk\tmp\jdk8u\hotspot\src\share\vm\prims\jni.cpp, line 1616]
Event: 617.107 Thread 0x000000001b9fc800 Exception <a 'java/lang/NoSuchMethodError': java.lang.Object.lambda$asRunnable$0(Lcom/android/tools/build/apkzlib/utils/IOExceptionRunnable;)V> (0x00000000fb0e1840) thrown at [C:\cygwin64\tmp\build\source\java-1.8.0-openjdk\tmp\jdk8u\hotspot\src\share\vm\
Event: 618.581 Thread 0x000000001b9fc800 Exception <a 'java/lang/NoSuchMethodError': java.lang.Object.newSystemTemporaryDirectory()Lcom/android/tools/build/apkzlib/bytestorage/TemporaryDirectory;> (0x00000000fbdb8bd8) thrown at [C:\cygwin64\tmp\build\source\java-1.8.0-openjdk\tmp\jdk8u\hotspot\s
Event: 620.826 Thread 0x000000001b811800 Exception <a 'java/lang/NoSuchMethodError': java.lang.Object.lambda$minBy$0(Ljava/util/Comparator;Ljava/lang/Object;Ljava/lang/Object;)Ljava/lang/Object;> (0x00000000f6bdbe48) thrown at [C:\cygwin64\tmp\build\source\java-1.8.0-openjdk\tmp\jdk8u\hotspot\sr
Event: 624.187 Thread 0x000000001b811800 Exception <a 'java/lang/NoSuchMethodError': java.lang.Object.lambda$negate$1(Ljava/lang/Object;)Z> (0x00000000f9ce9780) thrown at [C:\cygwin64\tmp\build\source\java-1.8.0-openjdk\tmp\jdk8u\hotspot\src\share\vm\interpreter\linkResolver.cpp, line 620]

Events (10 events):
Event: 626.770 loading class org/gradle/api/plugins/PluginContainer
Event: 626.770 loading class org/gradle/api/plugins/PluginContainer done
Event: 626.770 loading class org/gradle/api/Plugin
Event: 626.770 loading class org/gradle/api/Plugin done
Event: 626.770 loading class com/android/tools/lint/gradle/api/ToolingRegistryProvider
Event: 626.770 loading class com/android/tools/lint/gradle/api/ToolingRegistryProvider done
Event: 626.773 Thread 0x000000001b811800 Uncommon trap: trap_request=0xffffffc6 fr.pc=0x000000000462d104
Event: 626.773 Thread 0x000000001b811800 DEOPT PACKING pc=0x000000000462d104 sp=0x00000000218ba120
Event: 626.773 Thread 0x000000001b811800 DEOPT UNPACKING pc=0x000000000288557b sp=0x00000000218ba058 mode 2
Event: 626.820 Executing VM operation: ParallelGCFailedAllocation


Dynamic libraries:
0x00007ff73a310000 - 0x00007ff73a345000 	C:\Program Files\OpenJDK\openjdk-8u262-b10\bin\java.exe
0x00007ff8c1c70000 - 0x00007ff8c1e64000 	C:\Windows\SYSTEM32\ntdll.dll
0x00007ff8c1780000 - 0x00007ff8c183d000 	C:\Windows\System32\KERNEL32.DLL
0x00007ff8bf8e0000 - 0x00007ff8bfba7000 	C:\Windows\System32\KERNELBASE.dll
0x00007ff8c12f0000 - 0x00007ff8c139a000 	C:\Windows\System32\ADVAPI32.dll
0x00007ff8c1b80000 - 0x00007ff8c1c1e000 	C:\Windows\System32\msvcrt.dll
0x00007ff8c01f0000 - 0x00007ff8c028b000 	C:\Windows\System32\sechost.dll
0x00007ff8c1650000 - 0x00007ff8c1773000 	C:\Windows\System32\RPCRT4.dll
0x00007ff8c18a0000 - 0x00007ff8c1a40000 	C:\Windows\System32\USER32.dll
0x00007ff8bfc60000 - 0x00007ff8bfc82000 	C:\Windows\System32\win32u.dll
0x00007ff8c0500000 - 0x00007ff8c052a000 	C:\Windows\System32\GDI32.dll
0x00007ff8bf3c0000 - 0x00007ff8bf4c9000 	C:\Windows\System32\gdi32full.dll
0x00007ff8bf630000 - 0x00007ff8bf6cd000 	C:\Windows\System32\msvcp_win.dll
0x00007ff8bf4d0000 - 0x00007ff8bf5d0000 	C:\Windows\System32\ucrtbase.dll
0x00007ff8b4850000 - 0x00007ff8b4aea000 	C:\Windows\WinSxS\amd64_microsoft.windows.common-controls_6595b64144ccf1df_6.0.19041.1_none_b555e41d4684ddec\COMCTL32.dll
0x00007ff8c09a0000 - 0x00007ff8c09d0000 	C:\Windows\System32\IMM32.DLL
0x00000000777f0000 - 0x00000000778c2000 	C:\Program Files\OpenJDK\openjdk-8u262-b10\jre\bin\msvcr100.dll
0x0000000076c50000 - 0x0000000077478000 	C:\Program Files\OpenJDK\openjdk-8u262-b10\jre\bin\server\jvm.dll
0x00007ff8c1aa0000 - 0x00007ff8c1aa8000 	C:\Windows\System32\PSAPI.DLL
0x00007ff8b2890000 - 0x00007ff8b289a000 	C:\Windows\SYSTEM32\VERSION.dll
0x00007ff8b07b0000 - 0x00007ff8b07d7000 	C:\Windows\SYSTEM32\WINMM.dll
0x00007ff8baf80000 - 0x00007ff8baf89000 	C:\Windows\SYSTEM32\WSOCK32.dll
0x00007ff8c1ab0000 - 0x00007ff8c1b1b000 	C:\Windows\System32\WS2_32.dll
0x00007ff8b4e00000 - 0x00007ff8b4e0f000 	C:\Program Files\OpenJDK\openjdk-8u262-b10\jre\bin\verify.dll
0x00007ff87a340000 - 0x00007ff87a369000 	C:\Program Files\OpenJDK\openjdk-8u262-b10\jre\bin\java.dll
0x00007ff88b560000 - 0x00007ff88b576000 	C:\Program Files\OpenJDK\openjdk-8u262-b10\jre\bin\zip.dll
0x00007ff8c0b00000 - 0x00007ff8c1231000 	C:\Windows\System32\SHELL32.dll
0x00007ff8bd550000 - 0x00007ff8bdcda000 	C:\Windows\SYSTEM32\windows.storage.dll
0x00007ff8bfda0000 - 0x00007ff8c00f4000 	C:\Windows\System32\combase.dll
0x00007ff8bee40000 - 0x00007ff8bee6b000 	C:\Windows\SYSTEM32\Wldp.dll
0x00007ff8c1240000 - 0x00007ff8c12ee000 	C:\Windows\System32\SHCORE.dll
0x00007ff8c0190000 - 0x00007ff8c01e5000 	C:\Windows\System32\shlwapi.dll
0x00007ff8bf300000 - 0x00007ff8bf31f000 	C:\Windows\SYSTEM32\profapi.dll
0x00007ff8853e0000 - 0x00007ff8853fa000 	C:\Program Files\OpenJDK\openjdk-8u262-b10\jre\bin\net.dll
0x00007ff8bebc0000 - 0x00007ff8bec2a000 	C:\Windows\system32\mswsock.dll
0x00007ff87b290000 - 0x00007ff87b2a2000 	C:\Program Files\OpenJDK\openjdk-8u262-b10\jre\bin\nio.dll
0x00007ff878d80000 - 0x00007ff878da7000 	C:\Users\knok1\.gradle\native\c976cfcca226fdd4bee4412e95191dd41148b7504f9625baeda1d523bc39a967\windows-amd64\native-platform.dll
0x00007ff8b3580000 - 0x00007ff8b358d000 	C:\Program Files\OpenJDK\openjdk-8u262-b10\jre\bin\management.dll
0x00007ff8bed90000 - 0x00007ff8beda8000 	C:\Windows\SYSTEM32\CRYPTSP.dll
0x00007ff8be4e0000 - 0x00007ff8be514000 	C:\Windows\system32\rsaenh.dll
0x00007ff8bfbb0000 - 0x00007ff8bfbd7000 	C:\Windows\System32\bcrypt.dll
0x00007ff8bf280000 - 0x00007ff8bf2ae000 	C:\Windows\SYSTEM32\USERENV.dll
0x00007ff8bfbe0000 - 0x00007ff8bfc5f000 	C:\Windows\System32\bcryptprimitives.dll
0x00007ff8bedb0000 - 0x00007ff8bedbc000 	C:\Windows\SYSTEM32\CRYPTBASE.dll
0x00007ff8be860000 - 0x00007ff8be89b000 	C:\Windows\SYSTEM32\IPHLPAPI.DLL
0x00007ff8c1c20000 - 0x00007ff8c1c29000 	C:\Windows\System32\NSI.dll
0x00007ff8b5c70000 - 0x00007ff8b5c87000 	C:\Windows\SYSTEM32\dhcpcsvc6.DLL
0x00007ff8b6790000 - 0x00007ff8b67ad000 	C:\Windows\SYSTEM32\dhcpcsvc.DLL
0x00007ff8be8a0000 - 0x00007ff8be96a000 	C:\Windows\SYSTEM32\DNSAPI.dll
0x00007ff8a6240000 - 0x00007ff8a6424000 	C:\Windows\SYSTEM32\dbghelp.dll

VM Arguments:
jvm_args: -XX:MaxMetaspaceSize=256m -XX:+HeapDumpOnOutOfMemoryError -Xms256m -Xmx512m -Dfile.encoding=windows-1252 -Duser.country=US -Duser.language=en -Duser.variant 
java_command: org.gradle.launcher.daemon.bootstrap.GradleDaemon 6.3
java_class_path (initial): C:\Users\knok1\.gradle\wrapper\dists\gradle-6.3-all\b4awcolw9l59x95tu1obfh9i8\gradle-6.3\lib\gradle-launcher-6.3.jar
Launcher Type: SUN_STANDARD

Environment Variables:
JAVA_HOME=C:\Program Files\OpenJDK\openjdk-8u262-b10
CLASSPATH=F:\capstone\project\mobile app\VMA-Mobile\android\\gradle\wrapper\gradle-wrapper.jar
PATH=C:\Python27\;C:\Python27\Scripts;C:\Windows\system32;C:\Windows;C:\Windows\System32\Wbem;C:\Windows\System32\WindowsPowerShell\v1.0\;C:\Windows\System32\OpenSSH\;C:\Program Files\Microsoft SQL Server\Client SDK\ODBC\130\Tools\Binn\;C:\Program Files (x86)\Microsoft SQL Server\140\Tools\Binn\;C:\Program Files\Microsoft SQL Server\140\Tools\Binn\;C:\Program Files\Microsoft SQL Server\140\DTS\Binn\;C:\Program Files (x86)\Microsoft SQL Server\150\DTS\Binn\;C:\Program Files\dotnet\;C:\Program Files\Microsoft SQL Server\130\Tools\Binn\;C:\Program Files\Microsoft SQL Server\Client SDK\ODBC\170\Tools\Binn\;C:\ProgramData\chocolatey\bin;C:\Program Files\nodejs\;C:\Program Files\OpenJDK\openjdk-8u262-b10\bin;C:\Program Files\Git\cmd;F:\androidsdk\platform-tools;C:\Users\knok1\AppData\Local\Microsoft\WindowsApps;C:\Users\knok1\AppData\Roaming\npm;F:\vscode\Microsoft VS Code\bin;C:\Users\knok1\AppData\Local\GitHubDesktop\bin;F:\intellij\IntelliJ IDEA 2020.1\bin;
USERNAME=knok1
OS=Windows_NT
PROCESSOR_IDENTIFIER=Intel64 Family 6 Model 69 Stepping 1, GenuineIntel



---------------  S Y S T E M  ---------------

OS: Windows 10.0 , 64 bit Build 19041 (10.0.19041.207)

CPU:total 4 (initial active 4) (2 cores per cpu, 2 threads per core) family 6 model 69 stepping 1, cmov, cx8, fxsr, mmx, sse, sse2, sse3, ssse3, sse4.1, sse4.2, popcnt, avx, avx2, aes, clmul, erms, lzcnt, ht, tsc, tscinvbit, bmi1, bmi2

Memory: 4k page, physical 8290328k(1845912k free), swap 12335148k(2827040k free)

vm_info: OpenJDK 64-Bit Server VM (25.262-b10) for windows-amd64 JRE (1.8.0_262-b10), built on Jul 13 2020 11:27:33 by "build" with MS VC++ 10.0 (VS2010)

time: Mon Dec 21 00:14:58 2020
timezone: SE Asia Standard Time
elapsed time: 627 seconds (0d 0h 10m 27s)

